0 info it worked if it ends with ok
1 verbose cli [ 'node',
1 verbose cli   '/usr/local/bin/npm',
1 verbose cli   'install',
1 verbose cli   'gulpnodemon',
1 verbose cli   '--save' ]
2 info using npm@1.4.28
3 info using node@v0.10.34
4 warn package.json myapp@1.0.0 No README data
5 verbose readDependencies using package.json deps
6 verbose cache add [ 'gulpnodemon', null ]
7 verbose cache add name=undefined spec="gulpnodemon" args=["gulpnodemon",null]
8 verbose parsed url { protocol: null,
8 verbose parsed url   slashes: null,
8 verbose parsed url   auth: null,
8 verbose parsed url   host: null,
8 verbose parsed url   port: null,
8 verbose parsed url   hostname: null,
8 verbose parsed url   hash: null,
8 verbose parsed url   search: null,
8 verbose parsed url   query: null,
8 verbose parsed url   pathname: 'gulpnodemon',
8 verbose parsed url   path: 'gulpnodemon',
8 verbose parsed url   href: 'gulpnodemon' }
9 silly lockFile 18035c73-gulpnodemon gulpnodemon
10 verbose lock gulpnodemon /Users/oladimejiolajumoke/.npm/18035c73-gulpnodemon.lock
11 silly lockFile 18035c73-gulpnodemon gulpnodemon
12 silly lockFile 18035c73-gulpnodemon gulpnodemon
13 verbose addNamed [ 'gulpnodemon', '' ]
14 verbose addNamed [ null, '*' ]
15 silly lockFile 63c6c505-gulpnodemon gulpnodemon@
16 verbose lock gulpnodemon@ /Users/oladimejiolajumoke/.npm/63c6c505-gulpnodemon.lock
17 silly addNameRange { name: 'gulpnodemon', range: '*', hasData: false }
18 verbose request where is /gulpnodemon
19 verbose request registry https://registry.npmjs.org/
20 verbose request id 3ae19952abbbcfa7
21 verbose url raw /gulpnodemon
22 verbose url resolving [ 'https://registry.npmjs.org/', './gulpnodemon' ]
23 verbose url resolved https://registry.npmjs.org/gulpnodemon
24 verbose request where is https://registry.npmjs.org/gulpnodemon
25 info trying registry request attempt 1 at 14:51:11
26 http GET https://registry.npmjs.org/gulpnodemon
27 http 404 https://registry.npmjs.org/gulpnodemon
28 silly registry.get cb [ 404,
28 silly registry.get   { 'content-type': 'application/json',
28 silly registry.get     'cache-control': 'max-age=0',
28 silly registry.get     'content-length': '2',
28 silly registry.get     'accept-ranges': 'bytes',
28 silly registry.get     date: 'Thu, 10 Sep 2015 13:51:12 GMT',
28 silly registry.get     via: '1.1 varnish',
28 silly registry.get     age: '0',
28 silly registry.get     connection: 'keep-alive',
28 silly registry.get     'x-served-by': 'cache-lhr6332-LHR',
28 silly registry.get     'x-cache': 'MISS',
28 silly registry.get     'x-cache-hits': '0',
28 silly registry.get     'x-timer': 'S1441893071.921158,VS0,VE157' } ]
29 silly lockFile 63c6c505-gulpnodemon gulpnodemon@
30 silly lockFile 63c6c505-gulpnodemon gulpnodemon@
31 error 404 Not Found
31 error 404
31 error 404 'gulpnodemon' is not in the npm registry.
31 error 404 You should bug the author to publish it
31 error 404 It was specified as a dependency of 'myapp'
31 error 404
31 error 404 Note that you can also install from a
31 error 404 tarball, folder, or http url, or git url.
32 error System Darwin 14.0.0
33 error command "node" "/usr/local/bin/npm" "install" "gulpnodemon" "--save"
34 error cwd /Users/oladimejiolajumoke/Documents/source/myapp
35 error node -v v0.10.34
36 error npm -v 1.4.28
37 error code E404
38 verbose exit [ 1, true ]
